<?xml version="1.0" encoding="UTF-8"?>
<!-- Generated by org.testng.reporters.JUnitXMLReporter -->
<testsuite ignored="0" hostname="Zahangir-Alam" failures="0" tests="8" name="Default test" time="47.006" errors="0" timestamp="2021-11-06T15:03:53 BDT">
  <testcase classname="test.TestClass" name="MainNavbar" time="8.512"/>
  <testcase classname="test.TestClass" name="enterIntoSportsBtn" time="6.393"/>
  <testcase classname="test.TestClass" name="enterIntoTvBtn" time="7.476"/>
  <testcase classname="test.TestClass" name="enterIntoKidsBtn" time="3.367"/>
  <testcase classname="test.TestClass" name="enterIntoMoviesBtn" time="8.328"/>
  <testcase classname="test.TestClass" name="enterIntoMusicBtn" time="3.155"/>
  <testcase classname="test.TestClass" name="enterIntoDiscoverBtn" time="4.198"/>
  <testcase classname="test.TestClass" name="enterIntoSearchBox" time="5.366"/>
</testsuite> <!-- Default test -->
