<?xml version="1.0" encoding="UTF-8"?>
<testng-results ignored="0" total="8" passed="8" failed="0" skipped="0">
  <reporter-output>
  </reporter-output>
  <suite started-at="2021-11-06T15:03:06 BDT" name="Default suite" finished-at="2021-11-06T15:03:53 BDT" duration-ms="47006">
    <groups>
    </groups>
    <test started-at="2021-11-06T15:03:06 BDT" name="Default test" finished-at="2021-11-06T15:03:53 BDT" duration-ms="47006">
      <class name="test.TestClass">
        <test-method is-config="true" signature="openDriver()[pri:0, instance:test.TestClass@20c0a64d]" started-at="2021-11-06T15:03:03 BDT" name="openDriver" finished-at="2021-11-06T15:03:06 BDT" duration-ms="3468" status="PASS">
          <reporter-output>
          </reporter-output>
        </test-method> <!-- openDriver -->
        <test-method signature="MainNavbar()[pri:0, instance:test.TestClass@20c0a64d]" started-at="2021-11-06T15:03:06 BDT" name="MainNavbar" finished-at="2021-11-06T15:03:15 BDT" duration-ms="8512" status="PASS">
          <reporter-output>
          </reporter-output>
        </test-method> <!-- MainNavbar -->
        <test-method signature="enterIntoSportsBtn()[pri:1, instance:test.TestClass@20c0a64d]" started-at="2021-11-06T15:03:15 BDT" name="enterIntoSportsBtn" finished-at="2021-11-06T15:03:21 BDT" duration-ms="6393" status="PASS">
          <reporter-output>
          </reporter-output>
        </test-method> <!-- enterIntoSportsBtn -->
        <test-method signature="enterIntoTvBtn()[pri:2, instance:test.TestClass@20c0a64d]" started-at="2021-11-06T15:03:21 BDT" name="enterIntoTvBtn" finished-at="2021-11-06T15:03:29 BDT" duration-ms="7476" status="PASS">
          <reporter-output>
          </reporter-output>
        </test-method> <!-- enterIntoTvBtn -->
        <test-method signature="enterIntoKidsBtn()[pri:3, instance:test.TestClass@20c0a64d]" started-at="2021-11-06T15:03:29 BDT" name="enterIntoKidsBtn" finished-at="2021-11-06T15:03:32 BDT" duration-ms="3367" status="PASS">
          <reporter-output>
          </reporter-output>
        </test-method> <!-- enterIntoKidsBtn -->
        <test-method signature="enterIntoMoviesBtn()[pri:4, instance:test.TestClass@20c0a64d]" started-at="2021-11-06T15:03:32 BDT" name="enterIntoMoviesBtn" finished-at="2021-11-06T15:03:41 BDT" duration-ms="8328" status="PASS">
          <reporter-output>
          </reporter-output>
        </test-method> <!-- enterIntoMoviesBtn -->
        <test-method signature="enterIntoMusicBtn()[pri:5, instance:test.TestClass@20c0a64d]" started-at="2021-11-06T15:03:41 BDT" name="enterIntoMusicBtn" finished-at="2021-11-06T15:03:44 BDT" duration-ms="3155" status="PASS">
          <reporter-output>
          </reporter-output>
        </test-method> <!-- enterIntoMusicBtn -->
        <test-method signature="enterIntoDiscoverBtn()[pri:6, instance:test.TestClass@20c0a64d]" started-at="2021-11-06T15:03:44 BDT" name="enterIntoDiscoverBtn" finished-at="2021-11-06T15:03:48 BDT" duration-ms="4198" status="PASS">
          <reporter-output>
          </reporter-output>
        </test-method> <!-- enterIntoDiscoverBtn -->
        <test-method signature="enterIntoSearchBox()[pri:7, instance:test.TestClass@20c0a64d]" started-at="2021-11-06T15:03:48 BDT" name="enterIntoSearchBox" finished-at="2021-11-06T15:03:53 BDT" duration-ms="5366" status="PASS">
          <reporter-output>
          </reporter-output>
        </test-method> <!-- enterIntoSearchBox -->
        <test-method is-config="true" signature="close()[pri:0, instance:test.TestClass@20c0a64d]" started-at="2021-11-06T15:03:53 BDT" name="close" finished-at="2021-11-06T15:03:58 BDT" duration-ms="4964" status="PASS">
          <reporter-output>
          </reporter-output>
        </test-method> <!-- close -->
      </class> <!-- test.TestClass -->
    </test> <!-- Default test -->
  </suite> <!-- Default suite -->
</testng-results>
