<?xml version="1.0" encoding="UTF-8"?>
<!-- Generated by org.testng.reporters.JUnitXMLReporter -->
<testsuite ignored="0" hostname="Zahangir-Alam" failures="0" tests="8" name="Test" time="112.449" errors="0" timestamp="2021-11-05T23:10:50 BDT">
  <testcase classname="test.TestClass" name="testNavbar" time="19.818"/>
  <testcase classname="test.TestClass" name="testcase1" time="7.665"/>
  <testcase classname="test.TestClass" name="testcase3" time="21.86"/>
  <testcase classname="test.TestClass" name="testcase4" time="15.196"/>
  <testcase classname="test.TestClass" name="testcase2" time="22.789"/>
  <testcase classname="test.TestClass" name="testcase5" time="11.826"/>
  <testcase classname="test.TestClass" name="testcase6" time="4.745"/>
  <testcase classname="test.TestClass" name="testcase7" time="8.354"/>
</testsuite> <!-- Test -->
